Using pre-set license
Built from '2020.3/staging' branch; Version is '2020.3.14f1 (d0d1bb862f9d) revision 13685179'; Using compiler version '192528614'; Build Type 'Release'
OS: 'Windows 10 Pro; OS build 19044.1566; Version 2009; 64bit' Language: 'es' Physical Memory: 8129 MB
BatchMode: 1, IsHumanControllingUs: 0, StartBugReporterOnCrash: 0, Is64bit: 1, IsPro: 0

 COMMAND LINE ARGUMENTS:
C:\Program Files\Unity\Hub\Editor\2020.3.14f1\Editor\Unity.exe
-adb2
-batchMode
-noUpm
-name
AssetImportWorker0
-projectPath
G:/examen_adaialeon/examen_adaialeon
-logFile
Logs/AssetImportWorker0.log
-srvPort
50049
Successfully changed project path to: G:/examen_adaialeon/examen_adaialeon
G:/examen_adaialeon/examen_adaialeon
Using Asset Import Pipeline V2.
Refreshing native plugins compatible for Editor in 50.12 ms, found 3 plugins.
Preloading 0 native plugins for Editor in 0.00 ms.
Initialize engine version: 2020.3.14f1 (d0d1bb862f9d)
[Subsystems] Discovering subsystems at path C:/Program Files/Unity/Hub/Editor/2020.3.14f1/Editor/Data/Resources/UnitySubsystems
[Subsystems] Discovering subsystems at path G:/examen_adaialeon/examen_adaialeon/Assets
GfxDevice: creating device client; threaded=0
Direct3D:
    Version:  Direct3D 11.0 [level 11.1]
    Renderer: NVIDIA GeForce GTX 1650 (ID=0x1f82)
    Vendor:   
    VRAM:     3962 MB
    Driver:   30.0.14.7141
Initialize mono
Mono path[0] = 'C:/Program Files/Unity/Hub/Editor/2020.3.14f1/Editor/Data/Managed'
Mono path[1] = 'C:/Program Files/Unity/Hub/Editor/2020.3.14f1/Editor/Data/MonoBleedingEdge/lib/mono/unityjit'
Mono config path = 'C:/Program Files/Unity/Hub/Editor/2020.3.14f1/Editor/Data/MonoBleedingEdge/etc'
Using monoOptions --debugger-agent=transport=dt_socket,embedding=1,server=y,suspend=n,address=127.0.0.1:56580
Begin MonoManager ReloadAssembly
Registering precompiled unity dll's ...
Register platform support module: C:/Program Files/Unity/Hub/Editor/2020.3.14f1/Editor/Data/PlaybackEngines/WindowsStandaloneSupport/UnityEditor.WindowsStandalone.Extensions.dll
Registered in 0.002776 seconds.
Native extension for WindowsStandalone target not found
Refreshing native plugins compatible for Editor in 63.74 ms, found 3 plugins.
Preloading 0 native plugins for Editor in 0.00 ms.
Mono: successfully reloaded assembly
- Completed reload, in  1.705 seconds
Domain Reload Profiling:
	ReloadAssembly (1706ms)
		BeginReloadAssembly (80ms)
			ExecutionOrderSort (0ms)
			DisableScriptedObjects (0ms)
			BackupInstance (0ms)
			ReleaseScriptingObjects (0ms)
			CreateAndSetChildDomain (1ms)
		EndReloadAssembly (725ms)
			LoadAssemblies (77ms)
			RebuildTransferFunctionScriptingTraits (0ms)
			SetupTypeCache (257ms)
			ReleaseScriptCaches (0ms)
			RebuildScriptCaches (60ms)
			SetupLoadedEditorAssemblies (293ms)
				LogAssemblyErrors (0ms)
				InitializePlatformSupportModulesInManaged (8ms)
				SetLoadedEditorAssemblies (0ms)
				RefreshPlugins (64ms)
				BeforeProcessingInitializeOnLoad (14ms)
				ProcessInitializeOnLoadAttributes (151ms)
				ProcessInitializeOnLoadMethodAttributes (55ms)
				AfterProcessingInitializeOnLoad (0ms)
				EditorAssembliesLoaded (0ms)
			ExecutionOrderSort2 (0ms)
			AwakeInstancesAfterBackupRestoration (0ms)
Platform modules already initialized, skipping
Registering precompiled user dll's ...
Registered in 0.003919 seconds.
Begin MonoManager ReloadAssembly
Native extension for WindowsStandalone target not found
Refreshing native plugins compatible for Editor in 52.03 ms, found 3 plugins.
Preloading 0 native plugins for Editor in 0.00 ms.
Mono: successfully reloaded assembly
- Completed reload, in  1.486 seconds
Domain Reload Profiling:
	ReloadAssembly (1487ms)
		BeginReloadAssembly (202ms)
			ExecutionOrderSort (0ms)
			DisableScriptedObjects (6ms)
			BackupInstance (0ms)
			ReleaseScriptingObjects (0ms)
			CreateAndSetChildDomain (24ms)
		EndReloadAssembly (1195ms)
			LoadAssemblies (122ms)
			RebuildTransferFunctionScriptingTraits (0ms)
			SetupTypeCache (396ms)
			ReleaseScriptCaches (1ms)
			RebuildScriptCaches (63ms)
			SetupLoadedEditorAssemblies (464ms)
				LogAssemblyErrors (0ms)
				InitializePlatformSupportModulesInManaged (6ms)
				SetLoadedEditorAssemblies (0ms)
				RefreshPlugins (52ms)
				BeforeProcessingInitializeOnLoad (115ms)
				ProcessInitializeOnLoadAttributes (263ms)
				ProcessInitializeOnLoadMethodAttributes (18ms)
				AfterProcessingInitializeOnLoad (10ms)
				EditorAssembliesLoaded (0ms)
			ExecutionOrderSort2 (0ms)
			AwakeInstancesAfterBackupRestoration (8ms)
Platform modules already initialized, skipping
========================================================================
Worker process is ready to serve import requests
Launched and connected shader compiler UnityShaderCompiler.exe after 0.05 seconds
Refreshing native plugins compatible for Editor in 0.70 ms, found 3 plugins.
Preloading 0 native plugins for Editor in 0.00 ms.
Unloading 2084 Unused Serialized files (Serialized files now loaded: 0)
System memory in use before: 93.0 MB.
System memory in use after: 92.9 MB.

Unloading 33 unused Assets to reduce memory usage. Loaded Objects now: 2517.
Total: 2.500800 ms (FindLiveObjects: 0.208600 ms CreateObjectMapping: 0.099000 ms MarkObjects: 2.053100 ms  DeleteObjects: 0.138900 ms)

AssetImportParameters requested are different than current active one (requested -> active):
  custom:framework-win-MediaFoundation: 216162199b28c13a410421893ffa2e32 -> 
  custom:video-decoder-ogg-theora: a1e56fd34408186e4bbccfd4996cb3dc -> 
  custom:container-muxer-webm: aa71ff27fc2769a1b78a27578f13a17b -> 
  custom:container-demuxer-webm: 4f35f7cbe854078d1ac9338744f61a02 -> 
  custom:container-demuxer-ogg: 62fdf1f143b41e24485cea50d1cbac27 -> 
  custom:video-encoder-webm-vp8: eb34c28f22e8b96e1ab97ce403110664 -> 
  custom:video-decoder-webm-vp8: 9c59270c3fd7afecdb556c50c9e8de78 -> 
  custom:audio-decoder-ogg-vorbis: bf7c407c2cedff20999df2af8eb42d56 -> 
  custom:audio-encoder-webm-vorbis: bf7c407c2cedff20999df2af8eb42d56 -> 
========================================================================
Received Import Request.
  path: Assets/Scenes
  artifactKey: Guid(13f0b4ed6a8951f42bc49ba0d6aca009) Importer(815301076,1909f56bfc062723c751e8b465ee728b)
Start importing Assets/Scenes using Guid(13f0b4ed6a8951f42bc49ba0d6aca009) Importer(815301076,1909f56bfc062723c751e8b465ee728b)  -> (artifact id: '8c78b8d0aabde79400cde74addca075f') in 0.011751 seconds 
  Import took 0.017096 seconds .

========================================================================
Received Import Request.
  Time since last request: 13.167014 seconds.
  path: Assets/Sprites
  artifactKey: Guid(e02180d031cce5d478be88e1c8fd106c) Importer(815301076,1909f56bfc062723c751e8b465ee728b)
Start importing Assets/Sprites using Guid(e02180d031cce5d478be88e1c8fd106c) Importer(815301076,1909f56bfc062723c751e8b465ee728b)  -> (artifact id: 'b3980a87fa35fc48ecdaa57ea5163111') in 0.008755 seconds 
  Import took 0.014759 seconds .

========================================================================
Received Import Request.
  Time since last request: 0.050256 seconds.
  path: Assets/Sprites/Banderas.png
  artifactKey: Guid(75fed8367025c2343a388ff3787c4754) Importer(815301076,1909f56bfc062723c751e8b465ee728b)
Start importing Assets/Sprites/Banderas.png using Guid(75fed8367025c2343a388ff3787c4754) Importer(815301076,1909f56bfc062723c751e8b465ee728b)  -> (artifact id: '64bf1531aad01a5247595eddaea12500') in 0.270596 seconds 
  Import took 0.277564 seconds .

========================================================================
Received Import Request.
  Time since last request: 0.000206 seconds.
  path: Assets/Sprites/Mario.png
  artifactKey: Guid(9084fcbac810ef844b0498a11fd44c99) Importer(815301076,1909f56bfc062723c751e8b465ee728b)
Start importing Assets/Sprites/Mario.png using Guid(9084fcbac810ef844b0498a11fd44c99) Importer(815301076,1909f56bfc062723c751e8b465ee728b)  -> (artifact id: 'd16807b571ace79433115207da0cbb00') in 0.027109 seconds 
  Import took 0.031329 seconds .

========================================================================
Received Import Request.
  Time since last request: 0.000224 seconds.
  path: Assets/Sprites/Hierbas.png
  artifactKey: Guid(17cf65e5a55f7354f9ddd5c0be3b2687) Importer(815301076,1909f56bfc062723c751e8b465ee728b)
Start importing Assets/Sprites/Hierbas.png using Guid(17cf65e5a55f7354f9ddd5c0be3b2687) Importer(815301076,1909f56bfc062723c751e8b465ee728b)  -> (artifact id: '39bfb5217dc578a3fe72595739710b62') in 0.028649 seconds 
  Import took 0.033997 seconds .

========================================================================
Received Import Request.
  Time since last request: 0.000279 seconds.
  path: Assets/Sprites/Castillo.png
  artifactKey: Guid(c4bf87fb38fe9ad468a880dc0a20d65d) Importer(815301076,1909f56bfc062723c751e8b465ee728b)
Start importing Assets/Sprites/Castillo.png using Guid(c4bf87fb38fe9ad468a880dc0a20d65d) Importer(815301076,1909f56bfc062723c751e8b465ee728b)  -> (artifact id: '6da535d73d6f8760609329bc380afa8e') in 0.031955 seconds 
  Import took 0.037080 seconds .

========================================================================
Received Import Request.
  Time since last request: 0.000217 seconds.
  path: Assets/Sprites/Coins2.png
  artifactKey: Guid(e230a3f825717624796a4bcea8531c5a) Importer(815301076,1909f56bfc062723c751e8b465ee728b)
Start importing Assets/Sprites/Coins2.png using Guid(e230a3f825717624796a4bcea8531c5a) Importer(815301076,1909f56bfc062723c751e8b465ee728b)  -> (artifact id: '917bacab2e3fcecbc6d80d95f6e9408b') in 0.036616 seconds 
  Import took 0.041777 seconds .

========================================================================
Received Import Request.
  Time since last request: 0.000201 seconds.
  path: Assets/Sprites/Ladrillos.png
  artifactKey: Guid(1b8dd043f51162b41a967eb2506b5146) Importer(815301076,1909f56bfc062723c751e8b465ee728b)
Start importing Assets/Sprites/Ladrillos.png using Guid(1b8dd043f51162b41a967eb2506b5146) Importer(815301076,1909f56bfc062723c751e8b465ee728b)  -> (artifact id: '18d862091b5903b9a25e51d8887cbc05') in 0.028430 seconds 
  Import took 0.034721 seconds .

========================================================================
Received Import Request.
  Time since last request: 0.000300 seconds.
  path: Assets/Sprites/Super_Mario_Bros._Logo.png
  artifactKey: Guid(c60958af472b76643849b072fd4dc3bc) Importer(815301076,1909f56bfc062723c751e8b465ee728b)
Start importing Assets/Sprites/Super_Mario_Bros._Logo.png using Guid(c60958af472b76643849b072fd4dc3bc) Importer(815301076,1909f56bfc062723c751e8b465ee728b)  -> (artifact id: '68dc0da2f32af899ee205d1934b7ca1e') in 0.035814 seconds 
  Import took 0.041644 seconds .

========================================================================
Received Import Request.
  Time since last request: 0.000315 seconds.
  path: Assets/Sprites/Coins1.png
  artifactKey: Guid(895db0f132bbdba43935b4ab64b32b3b) Importer(815301076,1909f56bfc062723c751e8b465ee728b)
Start importing Assets/Sprites/Coins1.png using Guid(895db0f132bbdba43935b4ab64b32b3b) Importer(815301076,1909f56bfc062723c751e8b465ee728b)  -> (artifact id: '8a4f56dd46972bae1dc01add865cccf1') in 0.039649 seconds 
  Import took 0.046922 seconds .

========================================================================
Received Import Request.
  Time since last request: 0.000254 seconds.
  path: Assets/Sprites/Cajas.png
  artifactKey: Guid(66f36c727a2dc7940a755b1838a03172) Importer(815301076,1909f56bfc062723c751e8b465ee728b)
Start importing Assets/Sprites/Cajas.png using Guid(66f36c727a2dc7940a755b1838a03172) Importer(815301076,1909f56bfc062723c751e8b465ee728b)  -> (artifact id: '1f5acc8ac5c68edf445be820bfe7154b') in 0.032122 seconds 
  Import took 0.039369 seconds .

========================================================================
Received Import Request.
  Time since last request: 0.001476 seconds.
  path: Assets/Sprites/Goombas.png
  artifactKey: Guid(571badfddca13234a88e64b8450c3c3a) Importer(815301076,1909f56bfc062723c751e8b465ee728b)
Start importing Assets/Sprites/Goombas.png using Guid(571badfddca13234a88e64b8450c3c3a) Importer(815301076,1909f56bfc062723c751e8b465ee728b)  -> (artifact id: '27b585bbce0e2e1e4f34c66034210676') in 0.039017 seconds 
  Import took 0.046514 seconds .

========================================================================
Received Import Request.
  Time since last request: 0.000298 seconds.
  path: Assets/Sprites/Nuves.png
  artifactKey: Guid(715b1600e5315d04d98275b06352aec5) Importer(815301076,1909f56bfc062723c751e8b465ee728b)
Start importing Assets/Sprites/Nuves.png using Guid(715b1600e5315d04d98275b06352aec5) Importer(815301076,1909f56bfc062723c751e8b465ee728b)  -> (artifact id: 'f4bd768c8b0359b9cba4b340f099eb22') in 0.023915 seconds 
  Import took 0.032588 seconds .

========================================================================
Received Import Request.
  Time since last request: 0.000202 seconds.
  path: Assets/Sprites/Tuberias.png
  artifactKey: Guid(4b1d060bd14986645ab14b1ba809f80a) Importer(815301076,1909f56bfc062723c751e8b465ee728b)
Start importing Assets/Sprites/Tuberias.png using Guid(4b1d060bd14986645ab14b1ba809f80a) Importer(815301076,1909f56bfc062723c751e8b465ee728b)  -> (artifact id: 'a5ce04807fb0e665ab29c132d7194df7') in 0.022862 seconds 
  Import took 0.030020 seconds .

========================================================================
Received Import Request.
  Time since last request: 0.000201 seconds.
  path: Assets/Sprites/Montanas.png
  artifactKey: Guid(068599ba0a7039b4fa9ecd0af47ab35f) Importer(815301076,1909f56bfc062723c751e8b465ee728b)
Start importing Assets/Sprites/Montanas.png using Guid(068599ba0a7039b4fa9ecd0af47ab35f) Importer(815301076,1909f56bfc062723c751e8b465ee728b)  -> (artifact id: 'ca5f94c067d817d07d3c1ff660a99499') in 0.040711 seconds 
  Import took 0.045856 seconds .

========================================================================
Received Import Request.
  Time since last request: 65.452103 seconds.
  path: Assets/Sprites/Mario.png
  artifactKey: Guid(9084fcbac810ef844b0498a11fd44c99) Importer(815301076,1909f56bfc062723c751e8b465ee728b)
Start importing Assets/Sprites/Mario.png using Guid(9084fcbac810ef844b0498a11fd44c99) Importer(815301076,1909f56bfc062723c751e8b465ee728b)  -> (artifact id: '5f67b9f12054c844ff5326420645a6d1') in 0.025811 seconds 
  Import took 0.031568 seconds .

========================================================================
Received Import Request.
  Time since last request: 13.029493 seconds.
  path: Assets/Sprites/Mario.png
  artifactKey: Guid(9084fcbac810ef844b0498a11fd44c99) Importer(815301076,1909f56bfc062723c751e8b465ee728b)
Start importing Assets/Sprites/Mario.png using Guid(9084fcbac810ef844b0498a11fd44c99) Importer(815301076,1909f56bfc062723c751e8b465ee728b)  -> (artifact id: '37b815a6098490c2076eb99f5c7bdccb') in 0.022852 seconds 
  Import took 0.027960 seconds .

========================================================================
Received Import Request.
  Time since last request: 9.967944 seconds.
  path: Assets/Sprites/Mario.png
  artifactKey: Guid(9084fcbac810ef844b0498a11fd44c99) Importer(815301076,1909f56bfc062723c751e8b465ee728b)
Start importing Assets/Sprites/Mario.png using Guid(9084fcbac810ef844b0498a11fd44c99) Importer(815301076,1909f56bfc062723c751e8b465ee728b)  -> (artifact id: '018d0f0700281f1074729a21f3e81ac7') in 0.023557 seconds 
  Import took 0.029480 seconds .

========================================================================
Received Import Request.
  Time since last request: 9.852532 seconds.
  path: Assets/Sprites/Mario.png
  artifactKey: Guid(9084fcbac810ef844b0498a11fd44c99) Importer(815301076,1909f56bfc062723c751e8b465ee728b)
Start importing Assets/Sprites/Mario.png using Guid(9084fcbac810ef844b0498a11fd44c99) Importer(815301076,1909f56bfc062723c751e8b465ee728b)  -> (artifact id: '4e152fd84633b6f5efc4b2049b1d316f') in 0.052449 seconds 
  Import took 0.078236 seconds .

========================================================================
Received Import Request.
  Time since last request: 22.661556 seconds.
  path: Assets/Sprites/Mario.png
  artifactKey: Guid(9084fcbac810ef844b0498a11fd44c99) Importer(815301076,1909f56bfc062723c751e8b465ee728b)
Start importing Assets/Sprites/Mario.png using Guid(9084fcbac810ef844b0498a11fd44c99) Importer(815301076,1909f56bfc062723c751e8b465ee728b)  -> (artifact id: 'a79deebec313a9ce0342e76ad1b2b3cd') in 0.012059 seconds 
  Import took 0.016989 seconds .

========================================================================
Received Import Request.
  Time since last request: 35.818731 seconds.
  path: Assets/Sprites/Mario.png
  artifactKey: Guid(9084fcbac810ef844b0498a11fd44c99) Importer(815301076,1909f56bfc062723c751e8b465ee728b)
Start importing Assets/Sprites/Mario.png using Guid(9084fcbac810ef844b0498a11fd44c99) Importer(815301076,1909f56bfc062723c751e8b465ee728b)  -> (artifact id: '1112b0646f71dfb392d2480a9f81a1c5') in 0.036481 seconds 
  Import took 0.042197 seconds .

========================================================================
Received Import Request.
  Time since last request: 16.894420 seconds.
  path: Assets/Sprites/Ladrillos.png
  artifactKey: Guid(1b8dd043f51162b41a967eb2506b5146) Importer(815301076,1909f56bfc062723c751e8b465ee728b)
Start importing Assets/Sprites/Ladrillos.png using Guid(1b8dd043f51162b41a967eb2506b5146) Importer(815301076,1909f56bfc062723c751e8b465ee728b)  -> (artifact id: '90608ddcef23f3f26f2e204e1384b12a') in 0.016724 seconds 
  Import took 0.027036 seconds .

========================================================================
Received Import Request.
  Time since last request: 40.997177 seconds.
  path: Assets/Sprites/Ladrillos.png
  artifactKey: Guid(1b8dd043f51162b41a967eb2506b5146) Importer(815301076,1909f56bfc062723c751e8b465ee728b)
Start importing Assets/Sprites/Ladrillos.png using Guid(1b8dd043f51162b41a967eb2506b5146) Importer(815301076,1909f56bfc062723c751e8b465ee728b)  -> (artifact id: '6d0659735659ec427839d707930e73d5') in 0.050634 seconds 
  Import took 0.059526 seconds .

========================================================================
Received Import Request.
  Time since last request: 133.095501 seconds.
  path: Assets/Sprites/Ladrillos.png
  artifactKey: Guid(1b8dd043f51162b41a967eb2506b5146) Importer(815301076,1909f56bfc062723c751e8b465ee728b)
Start importing Assets/Sprites/Ladrillos.png using Guid(1b8dd043f51162b41a967eb2506b5146) Importer(815301076,1909f56bfc062723c751e8b465ee728b)  -> (artifact id: 'c4e451241973568b2a39ddfc7c69738f') in 0.062817 seconds 
  Import took 0.068911 seconds .

========================================================================
Received Import Request.
  Time since last request: 17.127053 seconds.
  path: Assets/Sprites/Ladrillos.png
  artifactKey: Guid(1b8dd043f51162b41a967eb2506b5146) Importer(815301076,1909f56bfc062723c751e8b465ee728b)
Start importing Assets/Sprites/Ladrillos.png using Guid(1b8dd043f51162b41a967eb2506b5146) Importer(815301076,1909f56bfc062723c751e8b465ee728b)  -> (artifact id: '4f411a19fab59f3a81b453fb909f76df') in 0.039744 seconds 
  Import took 0.046051 seconds .

========================================================================
Received Import Request.
  Time since last request: 200.631319 seconds.
  path: Assets/Sprites/Banderas.png
  artifactKey: Guid(75fed8367025c2343a388ff3787c4754) Importer(815301076,1909f56bfc062723c751e8b465ee728b)
Start importing Assets/Sprites/Banderas.png using Guid(75fed8367025c2343a388ff3787c4754) Importer(815301076,1909f56bfc062723c751e8b465ee728b)  -> (artifact id: '8a1761bdc6de08a4b024e17cc02b414c') in 0.015638 seconds 
  Import took 0.021767 seconds .

========================================================================
Received Import Request.
  Time since last request: 20.063464 seconds.
  path: Assets/Sprites/Banderas.png
  artifactKey: Guid(75fed8367025c2343a388ff3787c4754) Importer(815301076,1909f56bfc062723c751e8b465ee728b)
Start importing Assets/Sprites/Banderas.png using Guid(75fed8367025c2343a388ff3787c4754) Importer(815301076,1909f56bfc062723c751e8b465ee728b)  -> (artifact id: '740bf6dcd9303ab24c4e439df7de92ff') in 0.021544 seconds 
  Import took 0.027933 seconds .

========================================================================
Received Import Request.
  Time since last request: 309.849041 seconds.
  path: Assets/Sprites/Nuves.png
  artifactKey: Guid(715b1600e5315d04d98275b06352aec5) Importer(815301076,1909f56bfc062723c751e8b465ee728b)
Start importing Assets/Sprites/Nuves.png using Guid(715b1600e5315d04d98275b06352aec5) Importer(815301076,1909f56bfc062723c751e8b465ee728b)  -> (artifact id: '4d2f288a3e5db61b59f15f76e07352c3') in 0.023116 seconds 
  Import took 0.030819 seconds .

========================================================================
Received Import Request.
  Time since last request: 32.319750 seconds.
  path: Assets/Sprites/Nuves.png
  artifactKey: Guid(715b1600e5315d04d98275b06352aec5) Importer(815301076,1909f56bfc062723c751e8b465ee728b)
Start importing Assets/Sprites/Nuves.png using Guid(715b1600e5315d04d98275b06352aec5) Importer(815301076,1909f56bfc062723c751e8b465ee728b)  -> (artifact id: 'e27052e02ac3eaddd8bef9d986a5ac4a') in 0.034195 seconds 
  Import took 0.039211 seconds .

========================================================================
Received Import Request.
  Time since last request: 60.160112 seconds.
  path: Assets/Sprites/Hierbas.png
  artifactKey: Guid(17cf65e5a55f7354f9ddd5c0be3b2687) Importer(815301076,1909f56bfc062723c751e8b465ee728b)
Start importing Assets/Sprites/Hierbas.png using Guid(17cf65e5a55f7354f9ddd5c0be3b2687) Importer(815301076,1909f56bfc062723c751e8b465ee728b)  -> (artifact id: '85c128dbe367c3912c8a9c8d1f0b9e0d') in 0.017025 seconds 
  Import took 0.023820 seconds .

========================================================================
Received Import Request.
  Time since last request: 13.993805 seconds.
  path: Assets/Sprites/Hierbas.png
  artifactKey: Guid(17cf65e5a55f7354f9ddd5c0be3b2687) Importer(815301076,1909f56bfc062723c751e8b465ee728b)
Start importing Assets/Sprites/Hierbas.png using Guid(17cf65e5a55f7354f9ddd5c0be3b2687) Importer(815301076,1909f56bfc062723c751e8b465ee728b)  -> (artifact id: 'ad6505e8e1ae25cacf47ffa3b6de3f9b') in 0.017545 seconds 
  Import took 0.023379 seconds .

========================================================================
Received Import Request.
  Time since last request: 5.161255 seconds.
  path: Assets/Sprites/Hierbas.png
  artifactKey: Guid(17cf65e5a55f7354f9ddd5c0be3b2687) Importer(815301076,1909f56bfc062723c751e8b465ee728b)
Start importing Assets/Sprites/Hierbas.png using Guid(17cf65e5a55f7354f9ddd5c0be3b2687) Importer(815301076,1909f56bfc062723c751e8b465ee728b)  -> (artifact id: '0d33179f16cbbea5a9acd160bf05b351') in 0.017069 seconds 
  Import took 0.023638 seconds .

========================================================================
Received Import Request.
  Time since last request: 87.243878 seconds.
  path: Assets/Sprites/Mario.png
  artifactKey: Guid(9084fcbac810ef844b0498a11fd44c99) Importer(815301076,1909f56bfc062723c751e8b465ee728b)
Start importing Assets/Sprites/Mario.png using Guid(9084fcbac810ef844b0498a11fd44c99) Importer(815301076,1909f56bfc062723c751e8b465ee728b)  -> (artifact id: '567a36e41a48411b9dbe2d23bb700d01') in 0.037396 seconds 
  Import took 0.042712 seconds .

========================================================================
Received Import Request.
  Time since last request: 60.292652 seconds.
  path: Assets/Sprites/Hierbas.png
  artifactKey: Guid(17cf65e5a55f7354f9ddd5c0be3b2687) Importer(815301076,1909f56bfc062723c751e8b465ee728b)
Start importing Assets/Sprites/Hierbas.png using Guid(17cf65e5a55f7354f9ddd5c0be3b2687) Importer(815301076,1909f56bfc062723c751e8b465ee728b)  -> (artifact id: '5a266012c3a067c375305e90b6dc9f30') in 0.026027 seconds 
  Import took 0.033361 seconds .

========================================================================
Received Import Request.
  Time since last request: 8.019021 seconds.
  path: Assets/Sprites/Hierbas.png
  artifactKey: Guid(17cf65e5a55f7354f9ddd5c0be3b2687) Importer(815301076,1909f56bfc062723c751e8b465ee728b)
Start importing Assets/Sprites/Hierbas.png using Guid(17cf65e5a55f7354f9ddd5c0be3b2687) Importer(815301076,1909f56bfc062723c751e8b465ee728b)  -> (artifact id: '987993ed4a6f5cff757f24692e25f11a') in 0.012432 seconds 
  Import took 0.018696 seconds .

========================================================================
Received Import Request.
  Time since last request: 16.359405 seconds.
  path: Assets/Sprites/Hierbas.png
  artifactKey: Guid(17cf65e5a55f7354f9ddd5c0be3b2687) Importer(815301076,1909f56bfc062723c751e8b465ee728b)
Start importing Assets/Sprites/Hierbas.png using Guid(17cf65e5a55f7354f9ddd5c0be3b2687) Importer(815301076,1909f56bfc062723c751e8b465ee728b)  -> (artifact id: 'f1509c84f81aab1cc588d82f349769b4') in 0.015520 seconds 
  Import took 0.020564 seconds .

========================================================================
Received Import Request.
  Time since last request: 32.881231 seconds.
  path: Assets/Sprites/Ladrillos.png
  artifactKey: Guid(1b8dd043f51162b41a967eb2506b5146) Importer(815301076,1909f56bfc062723c751e8b465ee728b)
Start importing Assets/Sprites/Ladrillos.png using Guid(1b8dd043f51162b41a967eb2506b5146) Importer(815301076,1909f56bfc062723c751e8b465ee728b)  -> (artifact id: '8f5bda786c1a9cba4e1527b88c9c5a70') in 0.048643 seconds 
  Import took 0.052480 seconds .

========================================================================
Received Import Request.
  Time since last request: 58.574853 seconds.
  path: Assets/Sprites/Ladrillos.png
  artifactKey: Guid(1b8dd043f51162b41a967eb2506b5146) Importer(815301076,1909f56bfc062723c751e8b465ee728b)
Start importing Assets/Sprites/Ladrillos.png using Guid(1b8dd043f51162b41a967eb2506b5146) Importer(815301076,1909f56bfc062723c751e8b465ee728b)  -> (artifact id: '266244ce14e16867c9419071da0aabfa') in 0.042181 seconds 
  Import took 0.047112 seconds .

========================================================================
Received Import Request.
  Time since last request: 31.495782 seconds.
  path: Assets/Sprites/Ladrillos.png
  artifactKey: Guid(1b8dd043f51162b41a967eb2506b5146) Importer(815301076,1909f56bfc062723c751e8b465ee728b)
Start importing Assets/Sprites/Ladrillos.png using Guid(1b8dd043f51162b41a967eb2506b5146) Importer(815301076,1909f56bfc062723c751e8b465ee728b)  -> (artifact id: '11c5582f497182afb6e4a78beba6a6c4') in 0.046582 seconds 
  Import took 0.052379 seconds .

========================================================================
Received Import Request.
  Time since last request: 141.755622 seconds.
  path: Assets/Sprites/Banderas.png
  artifactKey: Guid(75fed8367025c2343a388ff3787c4754) Importer(815301076,1909f56bfc062723c751e8b465ee728b)
Start importing Assets/Sprites/Banderas.png using Guid(75fed8367025c2343a388ff3787c4754) Importer(815301076,1909f56bfc062723c751e8b465ee728b)  -> (artifact id: '25557f3be3bbc28783dd6b223b52ec3d') in 0.017741 seconds 
  Import took 0.023359 seconds .

========================================================================
Received Import Request.
  Time since last request: 25.747155 seconds.
  path: Assets/Sprites/Nuves.png
  artifactKey: Guid(715b1600e5315d04d98275b06352aec5) Importer(815301076,1909f56bfc062723c751e8b465ee728b)
Start importing Assets/Sprites/Nuves.png using Guid(715b1600e5315d04d98275b06352aec5) Importer(815301076,1909f56bfc062723c751e8b465ee728b)  -> (artifact id: 'a58bd9fadf76d4fe2854907c8b7e9fe1') in 0.022799 seconds 
  Import took 0.029211 seconds .

========================================================================
Received Prepare
Registering precompiled user dll's ...
Registered in 0.189618 seconds.
Begin MonoManager ReloadAssembly
Native extension for WindowsStandalone target not found
Refreshing native plugins compatible for Editor in 0.46 ms, found 3 plugins.
Preloading 0 native plugins for Editor in 0.00 ms.
Mono: successfully reloaded assembly
- Completed reload, in  1.153 seconds
Domain Reload Profiling:
	ReloadAssembly (1153ms)
		BeginReloadAssembly (128ms)
			ExecutionOrderSort (0ms)
			DisableScriptedObjects (6ms)
			BackupInstance (0ms)
			ReleaseScriptingObjects (0ms)
			CreateAndSetChildDomain (39ms)
		EndReloadAssembly (953ms)
			LoadAssemblies (101ms)
			RebuildTransferFunctionScriptingTraits (0ms)
			SetupTypeCache (343ms)
			ReleaseScriptCaches (1ms)
			RebuildScriptCaches (49ms)
			SetupLoadedEditorAssemblies (338ms)
				LogAssemblyErrors (0ms)
				InitializePlatformSupportModulesInManaged (5ms)
				SetLoadedEditorAssemblies (1ms)
				RefreshPlugins (1ms)
				BeforeProcessingInitializeOnLoad (102ms)
				ProcessInitializeOnLoadAttributes (215ms)
				ProcessInitializeOnLoadMethodAttributes (6ms)
				AfterProcessingInitializeOnLoad (8ms)
				EditorAssembliesLoaded (0ms)
			ExecutionOrderSort2 (0ms)
			AwakeInstancesAfterBackupRestoration (14ms)
Platform modules already initialized, skipping
Refreshing native plugins compatible for Editor in 0.64 ms, found 3 plugins.
Preloading 0 native plugins for Editor in 0.00 ms.
Unloading 2080 Unused Serialized files (Serialized files now loaded: 0)
System memory in use before: 96.0 MB.
System memory in use after: 96.0 MB.

Unloading 21 unused Assets to reduce memory usage. Loaded Objects now: 2581.
Total: 2.951600 ms (FindLiveObjects: 0.341900 ms CreateObjectMapping: 0.252200 ms MarkObjects: 2.215600 ms  DeleteObjects: 0.140700 ms)

AssetImportParameters requested are different than current active one (requested -> active):
  custom:framework-win-MediaFoundation: 216162199b28c13a410421893ffa2e32 -> 
  custom:video-decoder-ogg-theora: a1e56fd34408186e4bbccfd4996cb3dc -> 
  custom:container-muxer-webm: aa71ff27fc2769a1b78a27578f13a17b -> 
  custom:container-demuxer-webm: 4f35f7cbe854078d1ac9338744f61a02 -> 
  custom:container-demuxer-ogg: 62fdf1f143b41e24485cea50d1cbac27 -> 
  custom:video-encoder-webm-vp8: eb34c28f22e8b96e1ab97ce403110664 -> 
  custom:video-decoder-webm-vp8: 9c59270c3fd7afecdb556c50c9e8de78 -> 
  custom:audio-decoder-ogg-vorbis: bf7c407c2cedff20999df2af8eb42d56 -> 
  custom:audio-encoder-webm-vorbis: bf7c407c2cedff20999df2af8eb42d56 -> 
========================================================================
Received Import Request.
  Time since last request: 70.481915 seconds.
  path: Assets/Mario.cs
  artifactKey: Guid(0251340ea1df2334ca3b7fa9919fa496) Importer(815301076,1909f56bfc062723c751e8b465ee728b)
Start importing Assets/Mario.cs using Guid(0251340ea1df2334ca3b7fa9919fa496) Importer(815301076,1909f56bfc062723c751e8b465ee728b)  -> (artifact id: 'b20a54e82ad07965d74c6bb48719bfd2') in 0.010124 seconds 
  Import took 0.014265 seconds .

========================================================================
Received Import Request.
  Time since last request: 0.000333 seconds.
  path: Assets/Scripts
  artifactKey: Guid(cd35ad807002f3d4197df7cb83c5b5ec) Importer(815301076,1909f56bfc062723c751e8b465ee728b)
Start importing Assets/Scripts using Guid(cd35ad807002f3d4197df7cb83c5b5ec) Importer(815301076,1909f56bfc062723c751e8b465ee728b)  -> (artifact id: '9ecfcdbe0615c1cfb0c1378c694e8f65') in 0.005410 seconds 
  Import took 0.009620 seconds .

========================================================================
Received Prepare
Registering precompiled user dll's ...
Registered in 0.003442 seconds.
Begin MonoManager ReloadAssembly
Native extension for WindowsStandalone target not found
Refreshing native plugins compatible for Editor in 0.81 ms, found 3 plugins.
Preloading 0 native plugins for Editor in 0.00 ms.
Mono: successfully reloaded assembly
- Completed reload, in  1.230 seconds
Domain Reload Profiling:
	ReloadAssembly (1231ms)
		BeginReloadAssembly (133ms)
			ExecutionOrderSort (0ms)
			DisableScriptedObjects (7ms)
			BackupInstance (0ms)
			ReleaseScriptingObjects (0ms)
			CreateAndSetChildDomain (38ms)
		EndReloadAssembly (1023ms)
			LoadAssemblies (106ms)
			RebuildTransferFunctionScriptingTraits (0ms)
			SetupTypeCache (340ms)
			ReleaseScriptCaches (1ms)
			RebuildScriptCaches (52ms)
			SetupLoadedEditorAssemblies (388ms)
				LogAssemblyErrors (0ms)
				InitializePlatformSupportModulesInManaged (7ms)
				SetLoadedEditorAssemblies (1ms)
				RefreshPlugins (1ms)
				BeforeProcessingInitializeOnLoad (120ms)
				ProcessInitializeOnLoadAttributes (242ms)
				ProcessInitializeOnLoadMethodAttributes (7ms)
				AfterProcessingInitializeOnLoad (9ms)
				EditorAssembliesLoaded (0ms)
			ExecutionOrderSort2 (0ms)
			AwakeInstancesAfterBackupRestoration (13ms)
Platform modules already initialized, skipping
Refreshing native plugins compatible for Editor in 0.58 ms, found 3 plugins.
Preloading 0 native plugins for Editor in 0.00 ms.
Unloading 2080 Unused Serialized files (Serialized files now loaded: 0)
System memory in use before: 96.0 MB.
System memory in use after: 96.0 MB.

Unloading 21 unused Assets to reduce memory usage. Loaded Objects now: 2585.
Total: 2.591400 ms (FindLiveObjects: 0.198900 ms CreateObjectMapping: 0.116100 ms MarkObjects: 2.141900 ms  DeleteObjects: 0.133200 ms)

AssetImportParameters requested are different than current active one (requested -> active):
  custom:framework-win-MediaFoundation: 216162199b28c13a410421893ffa2e32 -> 
  custom:video-decoder-ogg-theora: a1e56fd34408186e4bbccfd4996cb3dc -> 
  custom:container-muxer-webm: aa71ff27fc2769a1b78a27578f13a17b -> 
  custom:container-demuxer-webm: 4f35f7cbe854078d1ac9338744f61a02 -> 
  custom:container-demuxer-ogg: 62fdf1f143b41e24485cea50d1cbac27 -> 
  custom:video-encoder-webm-vp8: eb34c28f22e8b96e1ab97ce403110664 -> 
  custom:video-decoder-webm-vp8: 9c59270c3fd7afecdb556c50c9e8de78 -> 
  custom:audio-decoder-ogg-vorbis: bf7c407c2cedff20999df2af8eb42d56 -> 
  custom:audio-encoder-webm-vorbis: bf7c407c2cedff20999df2af8eb42d56 -> 
========================================================================
Received Import Request.
  Time since last request: 470.175026 seconds.
  path: Assets/Sprites/Montanas.png
  artifactKey: Guid(068599ba0a7039b4fa9ecd0af47ab35f) Importer(815301076,1909f56bfc062723c751e8b465ee728b)
Start importing Assets/Sprites/Montanas.png using Guid(068599ba0a7039b4fa9ecd0af47ab35f) Importer(815301076,1909f56bfc062723c751e8b465ee728b)  -> (artifact id: 'ded50d3aca8b89098f6272ce17fe992e') in 0.049589 seconds 
  Import took 0.053784 seconds .

========================================================================
Received Import Request.
  Time since last request: 9.098832 seconds.
  path: Assets/Sprites/Montanas.png
  artifactKey: Guid(068599ba0a7039b4fa9ecd0af47ab35f) Importer(815301076,1909f56bfc062723c751e8b465ee728b)
Start importing Assets/Sprites/Montanas.png using Guid(068599ba0a7039b4fa9ecd0af47ab35f) Importer(815301076,1909f56bfc062723c751e8b465ee728b)  -> (artifact id: 'c989b6aaf941b50b35908c17fe481f61') in 0.038408 seconds 
  Import took 0.043579 seconds .

========================================================================
Received Import Request.
  Time since last request: 30.695225 seconds.
  path: Assets/Sprites/Montanas.png
  artifactKey: Guid(068599ba0a7039b4fa9ecd0af47ab35f) Importer(815301076,1909f56bfc062723c751e8b465ee728b)
Start importing Assets/Sprites/Montanas.png using Guid(068599ba0a7039b4fa9ecd0af47ab35f) Importer(815301076,1909f56bfc062723c751e8b465ee728b)  -> (artifact id: 'acd042872ead22e019a3cfd70da61d85') in 0.011325 seconds 
  Import took 0.017577 seconds .

========================================================================
Received Import Request.
  Time since last request: 99.464097 seconds.
  path: Assets/mario.cs
  artifactKey: Guid(1af7688361223d84f875a9ae1a0bd616) Importer(815301076,1909f56bfc062723c751e8b465ee728b)
Start importing Assets/mario.cs using Guid(1af7688361223d84f875a9ae1a0bd616) Importer(815301076,1909f56bfc062723c751e8b465ee728b)  -> (artifact id: '35d0239e9591e41e3da7112f77252af3') in 0.007219 seconds 
  Import took 0.012196 seconds .

========================================================================
Received Import Request.
  Time since last request: 0.001736 seconds.
  path: Assets/mario.cs
  artifactKey: Guid(1af7688361223d84f875a9ae1a0bd616) Importer(815301076,1909f56bfc062723c751e8b465ee728b)
Start importing Assets/mario.cs using Guid(1af7688361223d84f875a9ae1a0bd616) Importer(815301076,1909f56bfc062723c751e8b465ee728b)  -> (artifact id: '35d0239e9591e41e3da7112f77252af3') in 0.002065 seconds 
  Import took 0.006683 seconds .

========================================================================
Received Import Request.
  Time since last request: 479.813865 seconds.
  path: Assets/Scripts/Mario.cs
  artifactKey: Guid(0251340ea1df2334ca3b7fa9919fa496) Importer(815301076,1909f56bfc062723c751e8b465ee728b)
Start importing Assets/Scripts/Mario.cs using Guid(0251340ea1df2334ca3b7fa9919fa496) Importer(815301076,1909f56bfc062723c751e8b465ee728b)  -> (artifact id: 'a55fce5d6bef7615c21d3e022b2900ee') in 0.002018 seconds 
  Import took 0.007238 seconds .

========================================================================
Received Import Request.
  Time since last request: 0.000623 seconds.
  path: Assets/Scripts/Mario.cs
  artifactKey: Guid(0251340ea1df2334ca3b7fa9919fa496) Importer(815301076,1909f56bfc062723c751e8b465ee728b)
Start importing Assets/Scripts/Mario.cs using Guid(0251340ea1df2334ca3b7fa9919fa496) Importer(815301076,1909f56bfc062723c751e8b465ee728b)  -> (artifact id: 'a55fce5d6bef7615c21d3e022b2900ee') in 0.004691 seconds 
  Import took 0.009148 seconds .

========================================================================
Received Prepare
Registering precompiled user dll's ...
Registered in 0.003975 seconds.
Begin MonoManager ReloadAssembly
Native extension for WindowsStandalone target not found
Refreshing native plugins compatible for Editor in 0.56 ms, found 3 plugins.
Preloading 0 native plugins for Editor in 0.00 ms.
Mono: successfully reloaded assembly
- Completed reload, in  1.214 seconds
Domain Reload Profiling:
	ReloadAssembly (1215ms)
		BeginReloadAssembly (146ms)
			ExecutionOrderSort (0ms)
			DisableScriptedObjects (7ms)
			BackupInstance (0ms)
			ReleaseScriptingObjects (0ms)
			CreateAndSetChildDomain (44ms)
		EndReloadAssembly (986ms)
			LoadAssemblies (113ms)
			RebuildTransferFunctionScriptingTraits (0ms)
			SetupTypeCache (352ms)
			ReleaseScriptCaches (1ms)
			RebuildScriptCaches (51ms)
			SetupLoadedEditorAssemblies (347ms)
				LogAssemblyErrors (0ms)
				InitializePlatformSupportModulesInManaged (6ms)
				SetLoadedEditorAssemblies (1ms)
				RefreshPlugins (1ms)
				BeforeProcessingInitializeOnLoad (107ms)
				ProcessInitializeOnLoadAttributes (219ms)
				ProcessInitializeOnLoadMethodAttributes (6ms)
				AfterProcessingInitializeOnLoad (8ms)
				EditorAssembliesLoaded (0ms)
			ExecutionOrderSort2 (0ms)
			AwakeInstancesAfterBackupRestoration (12ms)
Platform modules already initialized, skipping
Refreshing native plugins compatible for Editor in 0.56 ms, found 3 plugins.
Preloading 0 native plugins for Editor in 0.00 ms.
Unloading 2080 Unused Serialized files (Serialized files now loaded: 0)
System memory in use before: 96.1 MB.
System memory in use after: 96.1 MB.

Unloading 22 unused Assets to reduce memory usage. Loaded Objects now: 2592.
Total: 2.882700 ms (FindLiveObjects: 0.204800 ms CreateObjectMapping: 0.090600 ms MarkObjects: 2.426400 ms  DeleteObjects: 0.159700 ms)

AssetImportParameters requested are different than current active one (requested -> active):
  custom:framework-win-MediaFoundation: 216162199b28c13a410421893ffa2e32 -> 
  custom:video-decoder-ogg-theora: a1e56fd34408186e4bbccfd4996cb3dc -> 
  custom:container-muxer-webm: aa71ff27fc2769a1b78a27578f13a17b -> 
  custom:container-demuxer-webm: 4f35f7cbe854078d1ac9338744f61a02 -> 
  custom:container-demuxer-ogg: 62fdf1f143b41e24485cea50d1cbac27 -> 
  custom:video-encoder-webm-vp8: eb34c28f22e8b96e1ab97ce403110664 -> 
  custom:video-decoder-webm-vp8: 9c59270c3fd7afecdb556c50c9e8de78 -> 
  custom:audio-decoder-ogg-vorbis: bf7c407c2cedff20999df2af8eb42d56 -> 
  custom:audio-encoder-webm-vorbis: bf7c407c2cedff20999df2af8eb42d56 -> 
========================================================================
Received Prepare
Registering precompiled user dll's ...
Registered in 0.003893 seconds.
Begin MonoManager ReloadAssembly
Native extension for WindowsStandalone target not found
Refreshing native plugins compatible for Editor in 0.53 ms, found 3 plugins.
Preloading 0 native plugins for Editor in 0.00 ms.
Mono: successfully reloaded assembly
- Completed reload, in  1.513 seconds
Domain Reload Profiling:
	ReloadAssembly (1513ms)
		BeginReloadAssembly (131ms)
			ExecutionOrderSort (0ms)
			DisableScriptedObjects (8ms)
			BackupInstance (0ms)
			ReleaseScriptingObjects (0ms)
			CreateAndSetChildDomain (41ms)
		EndReloadAssembly (1303ms)
			LoadAssemblies (105ms)
			RebuildTransferFunctionScriptingTraits (0ms)
			SetupTypeCache (342ms)
			ReleaseScriptCaches (1ms)
			RebuildScriptCaches (50ms)
			SetupLoadedEditorAssemblies (646ms)
				LogAssemblyErrors (0ms)
				InitializePlatformSupportModulesInManaged (6ms)
				SetLoadedEditorAssemblies (1ms)
				RefreshPlugins (1ms)
				BeforeProcessingInitializeOnLoad (379ms)
				ProcessInitializeOnLoadAttributes (246ms)
				ProcessInitializeOnLoadMethodAttributes (6ms)
				AfterProcessingInitializeOnLoad (7ms)
				EditorAssembliesLoaded (0ms)
			ExecutionOrderSort2 (0ms)
			AwakeInstancesAfterBackupRestoration (11ms)
Platform modules already initialized, skipping
Refreshing native plugins compatible for Editor in 0.46 ms, found 3 plugins.
Preloading 0 native plugins for Editor in 0.00 ms.
Unloading 2080 Unused Serialized files (Serialized files now loaded: 0)
System memory in use before: 96.1 MB.
System memory in use after: 96.1 MB.

Unloading 21 unused Assets to reduce memory usage. Loaded Objects now: 2596.
Total: 2.802700 ms (FindLiveObjects: 0.228800 ms CreateObjectMapping: 0.103700 ms MarkObjects: 2.318400 ms  DeleteObjects: 0.150700 ms)

AssetImportParameters requested are different than current active one (requested -> active):
  custom:framework-win-MediaFoundation: 216162199b28c13a410421893ffa2e32 -> 
  custom:video-decoder-ogg-theora: a1e56fd34408186e4bbccfd4996cb3dc -> 
  custom:container-muxer-webm: aa71ff27fc2769a1b78a27578f13a17b -> 
  custom:container-demuxer-webm: 4f35f7cbe854078d1ac9338744f61a02 -> 
  custom:container-demuxer-ogg: 62fdf1f143b41e24485cea50d1cbac27 -> 
  custom:video-encoder-webm-vp8: eb34c28f22e8b96e1ab97ce403110664 -> 
  custom:video-decoder-webm-vp8: 9c59270c3fd7afecdb556c50c9e8de78 -> 
  custom:audio-decoder-ogg-vorbis: bf7c407c2cedff20999df2af8eb42d56 -> 
  custom:audio-encoder-webm-vorbis: bf7c407c2cedff20999df2af8eb42d56 -> 
========================================================================
Received Import Request.
  Time since last request: 297.367193 seconds.
  path: Assets/Sprites/Mario.png
  artifactKey: Guid(9084fcbac810ef844b0498a11fd44c99) Importer(815301076,1909f56bfc062723c751e8b465ee728b)
Start importing Assets/Sprites/Mario.png using Guid(9084fcbac810ef844b0498a11fd44c99) Importer(815301076,1909f56bfc062723c751e8b465ee728b)  -> (artifact id: '82c3765fb450ff938f7f8eaea4855813') in 0.078652 seconds 
  Import took 0.084321 seconds .

========================================================================
Received Import Request.
  Time since last request: 75.296754 seconds.
  path: Assets/Sprites/Ladrillos.png
  artifactKey: Guid(1b8dd043f51162b41a967eb2506b5146) Importer(815301076,1909f56bfc062723c751e8b465ee728b)
Start importing Assets/Sprites/Ladrillos.png using Guid(1b8dd043f51162b41a967eb2506b5146) Importer(815301076,1909f56bfc062723c751e8b465ee728b)  -> (artifact id: 'bdd168bdadf9062cdd3b352353647190') in 0.049215 seconds 
  Import took 0.055759 seconds .

========================================================================
Received Import Request.
  Time since last request: 137.246733 seconds.
  path: Assets/Sprites/Banderas.png
  artifactKey: Guid(d8c1cba34addb5449815f3c024d94c8a) Importer(815301076,1909f56bfc062723c751e8b465ee728b)
Start importing Assets/Sprites/Banderas.png using Guid(d8c1cba34addb5449815f3c024d94c8a) Importer(815301076,1909f56bfc062723c751e8b465ee728b)  -> (artifact id: 'b056196bc4c3d54173ce6d2b476a0fa8') in 0.017118 seconds 
  Import took 0.022345 seconds .

========================================================================
Received Import Request.
  Time since last request: 0.000346 seconds.
  path: Assets/Sprites/Montanas.png
  artifactKey: Guid(8213f308ca71cc548a049a1c758ee7e1) Importer(815301076,1909f56bfc062723c751e8b465ee728b)
Start importing Assets/Sprites/Montanas.png using Guid(8213f308ca71cc548a049a1c758ee7e1) Importer(815301076,1909f56bfc062723c751e8b465ee728b)  -> (artifact id: '8087ddf5931669046ad20295b8c97b7e') in 0.023405 seconds 
  Import took 0.027636 seconds .

========================================================================
Received Import Request.
  Time since last request: 0.000272 seconds.
  path: Assets/Sprites/Hierbas.png
  artifactKey: Guid(45bab6d9e878bf342b8d474f539f7f0c) Importer(815301076,1909f56bfc062723c751e8b465ee728b)
Start importing Assets/Sprites/Hierbas.png using Guid(45bab6d9e878bf342b8d474f539f7f0c) Importer(815301076,1909f56bfc062723c751e8b465ee728b)  -> (artifact id: '041b6203a9f8f08fb5c125b34111ab22') in 0.031863 seconds 
  Import took 0.036283 seconds .

========================================================================
Received Import Request.
  Time since last request: 0.000343 seconds.
  path: Assets/Sprites/Goombas.png
  artifactKey: Guid(8ce4b850757ab3c43a4d69512c7a9fac) Importer(815301076,1909f56bfc062723c751e8b465ee728b)
Start importing Assets/Sprites/Goombas.png using Guid(8ce4b850757ab3c43a4d69512c7a9fac) Importer(815301076,1909f56bfc062723c751e8b465ee728b)  -> (artifact id: 'e837230f583907d37a468b9d62f51012') in 0.029959 seconds 
  Import took 0.034459 seconds .

========================================================================
Received Import Request.
  Time since last request: 0.000299 seconds.
  path: Assets/Sprites/Ladrillos.png
  artifactKey: Guid(000800e93fead0f4e99720bb9f8217de) Importer(815301076,1909f56bfc062723c751e8b465ee728b)
Start importing Assets/Sprites/Ladrillos.png using Guid(000800e93fead0f4e99720bb9f8217de) Importer(815301076,1909f56bfc062723c751e8b465ee728b)  -> (artifact id: 'cece14ee82faf66c157b86dca926378c') in 0.071609 seconds 
  Import took 0.075305 seconds .

========================================================================
Received Import Request.
  Time since last request: 0.000240 seconds.
  path: Assets/Sprites/Mario.png
  artifactKey: Guid(1f82b1ebc211fa8418ba1e91301538c0) Importer(815301076,1909f56bfc062723c751e8b465ee728b)
Start importing Assets/Sprites/Mario.png using Guid(1f82b1ebc211fa8418ba1e91301538c0) Importer(815301076,1909f56bfc062723c751e8b465ee728b)  -> (artifact id: '1c5a37f062ee24fb0d4739813b51bcf2') in 0.056677 seconds 
  Import took 0.060396 seconds .

========================================================================
Received Import Request.
  Time since last request: 0.000300 seconds.
  path: Assets/Sprites/Coins2.png
  artifactKey: Guid(0f5cf03994b430b4f904318ffbfa1b63) Importer(815301076,1909f56bfc062723c751e8b465ee728b)
Start importing Assets/Sprites/Coins2.png using Guid(0f5cf03994b430b4f904318ffbfa1b63) Importer(815301076,1909f56bfc062723c751e8b465ee728b)  -> (artifact id: 'f744b74c488f60fb889e38efa532e64f') in 0.015377 seconds 
  Import took 0.019522 seconds .

========================================================================
Received Import Request.
  Time since last request: 0.000246 seconds.
  path: Assets/Sprites/Castillo.png
  artifactKey: Guid(c20e0b5c4b313684ab2dfb56978f064d) Importer(815301076,1909f56bfc062723c751e8b465ee728b)
Start importing Assets/Sprites/Castillo.png using Guid(c20e0b5c4b313684ab2dfb56978f064d) Importer(815301076,1909f56bfc062723c751e8b465ee728b)  -> (artifact id: '0a4f5d8da5e61fe5da6ca5f72cc701f1') in 0.020133 seconds 
  Import took 0.026059 seconds .

========================================================================
Received Import Request.
  Time since last request: 0.000342 seconds.
  path: Assets/Sprites/Nuves.png
  artifactKey: Guid(41b16e6496cc34a46abd7f24d56ddfe1) Importer(815301076,1909f56bfc062723c751e8b465ee728b)
Start importing Assets/Sprites/Nuves.png using Guid(41b16e6496cc34a46abd7f24d56ddfe1) Importer(815301076,1909f56bfc062723c751e8b465ee728b)  -> (artifact id: '4bb4cd51109d192f7fcb5223a3a1d662') in 0.028951 seconds 
  Import took 0.033633 seconds .

========================================================================
Received Import Request.
  Time since last request: 0.000237 seconds.
  path: Assets/Sprites/Coins1.png
  artifactKey: Guid(5aec9336aaa7c854480e82b27fae3c22) Importer(815301076,1909f56bfc062723c751e8b465ee728b)
Start importing Assets/Sprites/Coins1.png using Guid(5aec9336aaa7c854480e82b27fae3c22) Importer(815301076,1909f56bfc062723c751e8b465ee728b)  -> (artifact id: 'f94159a41814625c4a3762614546e402') in 0.031945 seconds 
  Import took 0.036108 seconds .

========================================================================
Received Import Request.
  Time since last request: 0.000203 seconds.
  path: Assets/Sprites/Super_Mario_Bros._Logo.png
  artifactKey: Guid(9cdc0e4b25f64cb44970c01b480ead45) Importer(815301076,1909f56bfc062723c751e8b465ee728b)
Start importing Assets/Sprites/Super_Mario_Bros._Logo.png using Guid(9cdc0e4b25f64cb44970c01b480ead45) Importer(815301076,1909f56bfc062723c751e8b465ee728b)  -> (artifact id: '2962a78061a9b1e914785c02a4796117') in 0.025331 seconds 
  Import took 0.029181 seconds .

========================================================================
Received Import Request.
  Time since last request: 0.000234 seconds.
  path: Assets/Sprites/Cajas.png
  artifactKey: Guid(33fe82760ead4184b9e8c1738ff3c7b1) Importer(815301076,1909f56bfc062723c751e8b465ee728b)
Start importing Assets/Sprites/Cajas.png using Guid(33fe82760ead4184b9e8c1738ff3c7b1) Importer(815301076,1909f56bfc062723c751e8b465ee728b)  -> (artifact id: '199455539f99d8d605c881d7839dbd60') in 0.040367 seconds 
  Import took 0.044156 seconds .

========================================================================
Received Import Request.
  Time since last request: 0.000219 seconds.
  path: Assets/Sprites/Tuberias.png
  artifactKey: Guid(4955c33aa3f561a41b5735ee9004916e) Importer(815301076,1909f56bfc062723c751e8b465ee728b)
Start importing Assets/Sprites/Tuberias.png using Guid(4955c33aa3f561a41b5735ee9004916e) Importer(815301076,1909f56bfc062723c751e8b465ee728b)  -> (artifact id: 'cb0979c2faba792e6046b8f3cf8e0c02') in 0.033895 seconds 
  Import took 0.037946 seconds .

